build/app/intermediates/manifest_merge_blame_file/debug/manifest-merger-blame-debug-report.txt
1<?xml version="1.0" encoding="utf-8"?>
2<manifest xmlns:android="http://schemas.android.com/apk/res/android"
3    package="com.ncdp.racr_dev"
4    android:versionCode="1"
5    android:versionName="1.0.0" >
6
7    <uses-sdk
8        android:minSdkVersion="16"
9        android:targetSdkVersion="28" />
10    <!--
11         Flutter needs it to communicate with the running application
12         to allow setting breakpoints, to provide hot reload, etc.
13    -->
14    <uses-permission android:name="android.permission.INTERNET" />
14-->src\main\AndroidManifest.xml:9:5-66
14-->src\main\AndroidManifest.xml:9:22-64
15    <uses-permission android:name="android.permission.READ_EXTERNAL_STORAGE" />
15-->src\main\AndroidManifest.xml:10:5-79
15-->src\main\AndroidManifest.xml:10:22-77
16    <uses-permission android:name="android.permission.WRITE_EXTERNAL_STORAGE" />
16-->src\main\AndroidManifest.xml:11:5-80
16-->src\main\AndroidManifest.xml:11:22-78
17    <uses-permission android:name="android.permission.WAKE_LOCK" />
17-->[androidx.work:work-runtime:2.2.0] AndroidManifest.xml:25:5-68
17-->[androidx.work:work-runtime:2.2.0] AndroidManifest.xml:25:22-65
18    <uses-permission android:name="android.permission.ACCESS_NETWORK_STATE" />
18-->[androidx.work:work-runtime:2.2.0] AndroidManifest.xml:26:5-79
18-->[androidx.work:work-runtime:2.2.0] AndroidManifest.xml:26:22-76
19    <uses-permission android:name="android.permission.RECEIVE_BOOT_COMPLETED" />
19-->[androidx.work:work-runtime:2.2.0] AndroidManifest.xml:27:5-81
19-->[androidx.work:work-runtime:2.2.0] AndroidManifest.xml:27:22-78
20
21    <application
21-->src\main\AndroidManifest.xml:12:5-65:19
22        android:name="io.flutter.app.FlutterApplication"
22-->src\main\AndroidManifest.xml:14:9-57
23        android:appComponentFactory="androidx.core.app.CoreComponentFactory"
23-->[androidx.core:core:1.1.0] AndroidManifest.xml:24:18-86
24        android:debuggable="true"
25        android:icon="@mipmap/ic_launcher"
25-->src\main\AndroidManifest.xml:16:9-43
26        android:label="racr_dev"
26-->src\main\AndroidManifest.xml:15:9-33
27        android:usesCleartextTraffic="true" >
27-->src\main\AndroidManifest.xml:13:9-44
28        <activity
28-->src\main\AndroidManifest.xml:17:9-34:20
29            android:name="com.ncdp.racr_dev.MainActivity"
29-->src\main\AndroidManifest.xml:18:13-41
30            android:configChanges="orientation|keyboardHidden|keyboard|screenSize|smallestScreenSize|locale|layoutDirection|fontScale|screenLayout|density|uiMode"
30-->src\main\AndroidManifest.xml:21:13-163
31            android:hardwareAccelerated="true"
31-->src\main\AndroidManifest.xml:22:13-47
32            android:launchMode="singleTop"
32-->src\main\AndroidManifest.xml:19:13-43
33            android:theme="@style/LaunchTheme"
33-->src\main\AndroidManifest.xml:20:13-47
34            android:windowSoftInputMode="adjustResize" >
34-->src\main\AndroidManifest.xml:23:13-55
35            <meta-data
35-->src\main\AndroidManifest.xml:24:14-26:56
36                android:name="io.flutter.embedding.android.NormalTheme"
36-->src\main\AndroidManifest.xml:25:17-72
37                android:resource="@style/NormalTheme" />
37-->src\main\AndroidManifest.xml:26:17-54
38            <meta-data
38-->src\main\AndroidManifest.xml:27:13-29:55
39                android:name="io.flutter.embedding.android.SplashScreenDrawable"
39-->src\main\AndroidManifest.xml:28:17-81
40                android:resource="@drawable/luanchs" />
40-->src\main\AndroidManifest.xml:29:17-53
41
42            <intent-filter>
42-->src\main\AndroidManifest.xml:30:13-33:29
43                <action android:name="android.intent.action.MAIN" />
43-->src\main\AndroidManifest.xml:31:17-68
43-->src\main\AndroidManifest.xml:31:25-66
44
45                <category android:name="android.intent.category.LAUNCHER" />
45-->src\main\AndroidManifest.xml:32:17-76
45-->src\main\AndroidManifest.xml:32:27-74
46            </intent-filter>
47        </activity>
48        <!--
49             Don't delete the meta-data below.
50             This is used by the Flutter tool to generate GeneratedPluginRegistrant.java
51        -->
52        <meta-data
52-->src\main\AndroidManifest.xml:37:9-39:33
53            android:name="flutterEmbedding"
53-->src\main\AndroidManifest.xml:38:13-44
54            android:value="2" />
54-->src\main\AndroidManifest.xml:39:13-30
55
56        <provider
57            android:name="vn.hunghd.flutterdownloader.DownloadedFileProvider"
58            android:authorities="com.ncdp.racr_dev.flutter_downloader.provider"
59            android:exported="false"
60            android:grantUriPermissions="true" >
61            <meta-data
62                android:name="android.support.FILE_PROVIDER_PATHS"
63                android:resource="@xml/provider_paths" />
64        </provider>
65        <provider
66            android:name="androidx.work.impl.WorkManagerInitializer"
67            android:authorities="com.ncdp.racr_dev.workmanager-init"
68            android:directBootAware="false"
68-->[androidx.work:work-runtime:2.2.0] AndroidManifest.xml:33:13-44
69            android:enabled="false"
70            android:exported="false"
71            android:multiprocess="true" />
71-->[androidx.work:work-runtime:2.2.0] AndroidManifest.xml:35:13-40
72        <provider
73            android:name="vn.hunghd.flutterdownloader.FlutterDownloaderInitializer"
74            android:authorities="com.ncdp.racr_dev.flutter-downloader-init"
75            android:exported="false" >
76            <meta-data
77                android:name="vn.hunghd.flutterdownloader.MAX_CONCURRENT_TASKS"
78                android:value="5" />
79        </provider>
80
81        <activity
81-->[:url_launcher] AndroidManifest.xml:8:9-11:74
82            android:name="io.flutter.plugins.urllauncher.WebViewActivity"
82-->[:url_launcher] AndroidManifest.xml:9:13-74
83            android:exported="false"
83-->[:url_launcher] AndroidManifest.xml:10:13-37
84            android:theme="@android:style/Theme.NoTitleBar.Fullscreen" />
84-->[:url_launcher] AndroidManifest.xml:11:13-71
85
86        <service
86-->[androidx.work:work-runtime:2.2.0] AndroidManifest.xml:38:9-43:35
87            android:name="androidx.work.impl.background.systemalarm.SystemAlarmService"
87-->[androidx.work:work-runtime:2.2.0] AndroidManifest.xml:39:13-88
88            android:directBootAware="false"
88-->[androidx.work:work-runtime:2.2.0] AndroidManifest.xml:40:13-44
89            android:enabled="@bool/enable_system_alarm_service_default"
89-->[androidx.work:work-runtime:2.2.0] AndroidManifest.xml:41:13-72
90            android:exported="false" />
90-->[androidx.work:work-runtime:2.2.0] AndroidManifest.xml:42:13-37
91        <service
91-->[androidx.work:work-runtime:2.2.0] AndroidManifest.xml:44:9-50:35
92            android:name="androidx.work.impl.background.systemjob.SystemJobService"
92-->[androidx.work:work-runtime:2.2.0] AndroidManifest.xml:45:13-84
93            android:directBootAware="false"
93-->[androidx.work:work-runtime:2.2.0] AndroidManifest.xml:46:13-44
94            android:enabled="@bool/enable_system_job_service_default"
94-->[androidx.work:work-runtime:2.2.0] AndroidManifest.xml:47:13-70
95            android:exported="true"
95-->[androidx.work:work-runtime:2.2.0] AndroidManifest.xml:48:13-36
96            android:permission="android.permission.BIND_JOB_SERVICE" />
96-->[androidx.work:work-runtime:2.2.0] AndroidManifest.xml:49:13-69
97
98        <receiver
98-->[androidx.work:work-runtime:2.2.0] AndroidManifest.xml:52:9-57:35
99            android:name="androidx.work.impl.utils.ForceStopRunnable$BroadcastReceiver"
99-->[androidx.work:work-runtime:2.2.0] AndroidManifest.xml:53:13-88
100            android:directBootAware="false"
100-->[androidx.work:work-runtime:2.2.0] AndroidManifest.xml:54:13-44
101            android:enabled="true"
101-->[androidx.work:work-runtime:2.2.0] AndroidManifest.xml:55:13-35
102            android:exported="false" />
102-->[androidx.work:work-runtime:2.2.0] AndroidManifest.xml:56:13-37
103        <receiver
103-->[androidx.work:work-runtime:2.2.0] AndroidManifest.xml:58:9-68:20
104            android:name="androidx.work.impl.background.systemalarm.ConstraintProxy$BatteryChargingProxy"
104-->[androidx.work:work-runtime:2.2.0] AndroidManifest.xml:59:13-106
105            android:directBootAware="false"
105-->[androidx.work:work-runtime:2.2.0] AndroidManifest.xml:60:13-44
106            android:enabled="false"
106-->[androidx.work:work-runtime:2.2.0] AndroidManifest.xml:61:13-36
107            android:exported="false" >
107-->[androidx.work:work-runtime:2.2.0] AndroidManifest.xml:62:13-37
108            <intent-filter>
108-->[androidx.work:work-runtime:2.2.0] AndroidManifest.xml:64:13-67:29
109                <action android:name="android.intent.action.ACTION_POWER_CONNECTED" />
109-->[androidx.work:work-runtime:2.2.0] AndroidManifest.xml:65:17-87
109-->[androidx.work:work-runtime:2.2.0] AndroidManifest.xml:65:25-84
110                <action android:name="android.intent.action.ACTION_POWER_DISCONNECTED" />
110-->[androidx.work:work-runtime:2.2.0] AndroidManifest.xml:66:17-90
110-->[androidx.work:work-runtime:2.2.0] AndroidManifest.xml:66:25-87
111            </intent-filter>
112        </receiver>
113        <receiver
113-->[androidx.work:work-runtime:2.2.0] AndroidManifest.xml:69:9-79:20
114            android:name="androidx.work.impl.background.systemalarm.ConstraintProxy$BatteryNotLowProxy"
114-->[androidx.work:work-runtime:2.2.0] AndroidManifest.xml:70:13-104
115            android:directBootAware="false"
115-->[androidx.work:work-runtime:2.2.0] AndroidManifest.xml:71:13-44
116            android:enabled="false"
116-->[androidx.work:work-runtime:2.2.0] AndroidManifest.xml:72:13-36
117            android:exported="false" >
117-->[androidx.work:work-runtime:2.2.0] AndroidManifest.xml:73:13-37
118            <intent-filter>
118-->[androidx.work:work-runtime:2.2.0] AndroidManifest.xml:75:13-78:29
119                <action android:name="android.intent.action.BATTERY_OKAY" />
119-->[androidx.work:work-runtime:2.2.0] AndroidManifest.xml:76:17-77
119-->[androidx.work:work-runtime:2.2.0] AndroidManifest.xml:76:25-74
120                <action android:name="android.intent.action.BATTERY_LOW" />
120-->[androidx.work:work-runtime:2.2.0] AndroidManifest.xml:77:17-76
120-->[androidx.work:work-runtime:2.2.0] AndroidManifest.xml:77:25-73
121            </intent-filter>
122        </receiver>
123        <receiver
123-->[androidx.work:work-runtime:2.2.0] AndroidManifest.xml:80:9-90:20
124            android:name="androidx.work.impl.background.systemalarm.ConstraintProxy$StorageNotLowProxy"
124-->[androidx.work:work-runtime:2.2.0] AndroidManifest.xml:81:13-104
125            android:directBootAware="false"
125-->[androidx.work:work-runtime:2.2.0] AndroidManifest.xml:82:13-44
126            android:enabled="false"
126-->[androidx.work:work-runtime:2.2.0] AndroidManifest.xml:83:13-36
127            android:exported="false" >
127-->[androidx.work:work-runtime:2.2.0] AndroidManifest.xml:84:13-37
128            <intent-filter>
128-->[androidx.work:work-runtime:2.2.0] AndroidManifest.xml:86:13-89:29
129                <action android:name="android.intent.action.DEVICE_STORAGE_LOW" />
129-->[androidx.work:work-runtime:2.2.0] AndroidManifest.xml:87:17-83
129-->[androidx.work:work-runtime:2.2.0] AndroidManifest.xml:87:25-80
130                <action android:name="android.intent.action.DEVICE_STORAGE_OK" />
130-->[androidx.work:work-runtime:2.2.0] AndroidManifest.xml:88:17-82
130-->[androidx.work:work-runtime:2.2.0] AndroidManifest.xml:88:25-79
131            </intent-filter>
132        </receiver>
133        <receiver
133-->[androidx.work:work-runtime:2.2.0] AndroidManifest.xml:91:9-100:20
134            android:name="androidx.work.impl.background.systemalarm.ConstraintProxy$NetworkStateProxy"
134-->[androidx.work:work-runtime:2.2.0] AndroidManifest.xml:92:13-103
135            android:directBootAware="false"
135-->[androidx.work:work-runtime:2.2.0] AndroidManifest.xml:93:13-44
136            android:enabled="false"
136-->[androidx.work:work-runtime:2.2.0] AndroidManifest.xml:94:13-36
137            android:exported="false" >
137-->[androidx.work:work-runtime:2.2.0] AndroidManifest.xml:95:13-37
138            <intent-filter>
138-->[androidx.work:work-runtime:2.2.0] AndroidManifest.xml:97:13-99:29
139                <action android:name="android.net.conn.CONNECTIVITY_CHANGE" />
139-->[androidx.work:work-runtime:2.2.0] AndroidManifest.xml:98:17-79
139-->[androidx.work:work-runtime:2.2.0] AndroidManifest.xml:98:25-76
140            </intent-filter>
141        </receiver>
142        <receiver
142-->[androidx.work:work-runtime:2.2.0] AndroidManifest.xml:101:9-112:20
143            android:name="androidx.work.impl.background.systemalarm.RescheduleReceiver"
143-->[androidx.work:work-runtime:2.2.0] AndroidManifest.xml:102:13-88
144            android:directBootAware="false"
144-->[androidx.work:work-runtime:2.2.0] AndroidManifest.xml:103:13-44
145            android:enabled="false"
145-->[androidx.work:work-runtime:2.2.0] AndroidManifest.xml:104:13-36
146            android:exported="false" >
146-->[androidx.work:work-runtime:2.2.0] AndroidManifest.xml:105:13-37
147            <intent-filter>
147-->[androidx.work:work-runtime:2.2.0] AndroidManifest.xml:107:13-111:29
148                <action android:name="android.intent.action.BOOT_COMPLETED" />
148-->[androidx.work:work-runtime:2.2.0] AndroidManifest.xml:108:17-79
148-->[androidx.work:work-runtime:2.2.0] AndroidManifest.xml:108:25-76
149                <action android:name="android.intent.action.TIME_SET" />
149-->[androidx.work:work-runtime:2.2.0] AndroidManifest.xml:109:17-73
149-->[androidx.work:work-runtime:2.2.0] AndroidManifest.xml:109:25-70
150                <action android:name="android.intent.action.TIMEZONE_CHANGED" />
150-->[androidx.work:work-runtime:2.2.0] AndroidManifest.xml:110:17-81
150-->[androidx.work:work-runtime:2.2.0] AndroidManifest.xml:110:25-78
151            </intent-filter>
152        </receiver>
153        <receiver
153-->[androidx.work:work-runtime:2.2.0] AndroidManifest.xml:113:9-122:20
154            android:name="androidx.work.impl.background.systemalarm.ConstraintProxyUpdateReceiver"
154-->[androidx.work:work-runtime:2.2.0] AndroidManifest.xml:114:13-99
155            android:directBootAware="false"
155-->[androidx.work:work-runtime:2.2.0] AndroidManifest.xml:115:13-44
156            android:enabled="@bool/enable_system_alarm_service_default"
156-->[androidx.work:work-runtime:2.2.0] AndroidManifest.xml:116:13-72
157            android:exported="false" >
157-->[androidx.work:work-runtime:2.2.0] AndroidManifest.xml:117:13-37
158            <intent-filter>
158-->[androidx.work:work-runtime:2.2.0] AndroidManifest.xml:119:13-121:29
159                <action android:name="androidx.work.impl.background.systemalarm.UpdateProxies" />
159-->[androidx.work:work-runtime:2.2.0] AndroidManifest.xml:120:17-98
159-->[androidx.work:work-runtime:2.2.0] AndroidManifest.xml:120:25-95
160            </intent-filter>
161        </receiver>
162
163        <service
163-->[androidx.room:room-runtime:2.1.0] AndroidManifest.xml:25:9-27:40
164            android:name="androidx.room.MultiInstanceInvalidationService"
164-->[androidx.room:room-runtime:2.1.0] AndroidManifest.xml:26:13-74
165            android:exported="false" />
165-->[androidx.room:room-runtime:2.1.0] AndroidManifest.xml:27:13-37
166    </application>
167
168</manifest>